{"timestamp":"2025-06-26T23:33:11.918261857Z","severity":"INFO","message":"Logging initialized"}
Base Configuration File: configs/.env.toml
Environment Configuration File: configs/.env.local.toml
{"timestamp":"2025-06-26T23:33:11.932221697Z","severity":"INFO","message":"Tracing initialized"}
{"timestamp":"2025-06-26T23:33:11.936162547Z","severity":"INFO","message":"[INFO] listening: projects/media-second-search/subscriptions/media_high_res_resources_subscription"}
{"timestamp":"2025-06-26T23:33:11.936423057Z","severity":"INFO","message":"[INFO] listening: projects/media-second-search/subscriptions/media_low_res_resources_subscription"}
{"timestamp":"2025-06-26T23:33:11.936486507Z","severity":"INFO","message":"Initialized State"}
[GIN-debug] [WARNING] Creating an Engine instance with the Logger and Recovery middleware already attached.

[GIN-debug] [WARNING] Running in "debug" mode. Switch to "release" mode in production.
 - using env:	export GIN_MODE=release
 - using code:	gin.SetMode(gin.ReleaseMode)

[GIN-debug] GET    /api/v1/media             --> main.MediaRouter.func1 (5 handlers)
[GIN-debug] GET    /api/v1/media/:id         --> main.MediaRouter.func2 (5 handlers)
[GIN-debug] GET    /api/v1/media/:id/stream  --> main.MediaRouter.func3 (5 handlers)
[GIN-debug] GET    /api/v1/media/:id/scenes/:scene_id --> main.MediaRouter.func4 (5 handlers)
[GIN-debug] POST   /api/v1/uploads           --> main.FileUpload.func1 (5 handlers)
{"timestamp":"2025-06-26T23:33:11.936816447Z","severity":"INFO","message":"Server Ready on port 8080"}
[GIN] 2025/06/26 - 23:33:31 | 200 |  5.012075468s |       127.0.0.1 | GET      "/api/v1/media?count=5&s=dundee"
After assigning ID
After assigning ID
After assigning ID
after media
---------------------------------------------------
Google Project ID is media-search@media-second-search.iam.gserviceaccount.com
Email is media-search@media-second-search.iam.gserviceaccount.com
projects/-/serviceAccounts/media-search@media-second-search.iam.gserviceaccount.com
---------------------------------------------------
Generated GET signed URL:
https://storage.googleapis.com/enc2-bucket/ANDROMEDA_-_1883_Trailer_2024_Action_Sci-Fi-%5BblR2MEjgYoM%5D.mp4?X-Goog-Algorithm=GOOG4-RSA-SHA256&X-Goog-Credential=media-search%40media-second-search.iam.gserviceaccount.com%2F20250626%2Fauto%2Fstorage%2Fgoog4_request&X-Goog-Date=20250626T233331Z&X-Goog-Expires=899&X-Goog-Signature=3f2c54dc44f1db585ff76cdddbce610cdfa52b3a3b3b967bcd201d23665f1841be9ca6c8076f549e6d3c625b5bacc2c6e1b99f6f4e7376fa5f8d425f97173f4eee3a6702f48ddd402d562051bec30dec91335868602b68d722c9d06c672b40d643fe5ac0bea2262b09280a289a28bd627bc3aaed18279f685a1e9c2130f690ef0fd7ea942e017022977d1d74797431b657a900f54d5e014ef3094c800bb71681b8ff9def0193f12f2a9ab61cbac9ded0a92d638f45af4dab377d30e9ab5e74f1bf0620f8ca49babc36177f5112c0185b527f2f5b49140ff6f12a36d759c47838425e54eca2fb427bd9adb98a467cd72172b50b14b8219e7a22598225ba1cfdf7&X-Goog-SignedHeaders=host
You can use this URL with any user agent, for example:
curl 
https://storage.googleapis.com/enc2-bucket/ANDROMEDA_-_1883_Trailer_2024_Action_Sci-Fi-%5BblR2MEjgYoM%5D.mp4?X-Goog-Algorithm=GOOG4-RSA-SHA256&X-Goog-Credential=media-search%40media-second-search.iam.gserviceaccount.com%2F20250626%2Fauto%2Fstorage%2Fgoog4_request&X-Goog-Date=20250626T233331Z&X-Goog-Expires=899&X-Goog-Signature=3f2c54dc44f1db585ff76cdddbce610cdfa52b3a3b3b967bcd201d23665f1841be9ca6c8076f549e6d3c625b5bacc2c6e1b99f6f4e7376fa5f8d425f97173f4eee3a6702f48ddd402d562051bec30dec91335868602b68d722c9d06c672b40d643fe5ac0bea2262b09280a289a28bd627bc3aaed18279f685a1e9c2130f690ef0fd7ea942e017022977d1d74797431b657a900f54d5e014ef3094c800bb71681b8ff9def0193f12f2a9ab61cbac9ded0a92d638f45af4dab377d30e9ab5e74f1bf0620f8ca49babc36177f5112c0185b527f2f5b49140ff6f12a36d759c47838425e54eca2fb427bd9adb98a467cd72172b50b14b8219e7a22598225ba1cfdf7&X-Goog-SignedHeaders=hostAfter getting signed URL
Before returning ok
)the signed url is https://storage.googleapis.com/enc2-bucket/ANDROMEDA_-_1883_Trailer_2024_Action_Sci-Fi-%5BblR2MEjgYoM%5D.mp4?X-Goog-Algorithm=GOOG4-RSA-SHA256&X-Goog-Credential=media-search%40media-second-search.iam.gserviceaccount.com%2F20250626%2Fauto%2Fstorage%2Fgoog4_request&X-Goog-Date=20250626T233331Z&X-Goog-Expires=899&X-Goog-Signature=3f2c54dc44f1db585ff76cdddbce610cdfa52b3a3b3b967bcd201d23665f1841be9ca6c8076f549e6d3c625b5bacc2c6e1b99f6f4e7376fa5f8d425f97173f4eee3a6702f48ddd402d562051bec30dec91335868602b68d722c9d06c672b40d643fe5ac0bea2262b09280a289a28bd627bc3aaed18279f685a1e9c2130f690ef0fd7ea942e017022977d1d74797431b657a900f54d5e014ef3094c800bb71681b8ff9def0193f12f2a9ab61cbac9ded0a92d638f45af4dab377d30e9ab5e74f1bf0620f8ca49babc36177f5112c0185b527f2f5b49140ff6f12a36d759c47838425e54eca2fb427bd9adb98a467cd72172b50b14b8219e7a22598225ba1cfdf7&X-Goog-SignedHeaders=host[GIN] 2025/06/26 - 23:33:31 | 200 |  457.586471ms |       127.0.0.1 | GET      "/api/v1/media/f5685728-86d6-5cc7-b1b3-b5400ee3da1a/stream"
after media
---------------------------------------------------
Google Project ID is media-search@media-second-search.iam.gserviceaccount.com
Email is media-search@media-second-search.iam.gserviceaccount.com
projects/-/serviceAccounts/media-search@media-second-search.iam.gserviceaccount.com
---------------------------------------------------
Generated GET signed URL:
https://storage.googleapis.com/enc2-bucket/BARBARIAN_Official_Trailer_In_Theaters_September_9-%5BDr89pmKrqkI%5D.mp4?X-Goog-Algorithm=GOOG4-RSA-SHA256&X-Goog-Credential=media-search%40media-second-search.iam.gserviceaccount.com%2F20250626%2Fauto%2Fstorage%2Fgoog4_request&X-Goog-Date=20250626T233331Z&X-Goog-Expires=899&X-Goog-Signature=50533c5a310132970c021305f68afd410e0fb6ba2d5f816cfba90f79ff43df71254ab74a976e8c744eb86a2d4545e40c3f5e2c558167c3fd9c98138827f2ee9dd7a6e7cd38adb5cb8677f2655d3f3ad43ce838bfd9f307b4264caba4ed5474f419f4f53887f7b8af6b2a79143c19caffc462ec49a170b2ac65700ca97526a9543ecdf490a68e4aec5c1141abc6792528db17226fe3b773d2b4868b24a60ac376e2c30e4186e490dc9085ba91ecb66525c0831d10e8a5df09661ed3d6e4bdb211915960afb08c95e238fe3bf8df347632c603f8ba959b5ede1b5179936d8b0882413e6c658911513db0fbde3839b8429db97d0ae13e112d6be6bbf6662f72cb78&X-Goog-SignedHeaders=host
You can use this URL with any user agent, for example:
curl 
https://storage.googleapis.com/enc2-bucket/BARBARIAN_Official_Trailer_In_Theaters_September_9-%5BDr89pmKrqkI%5D.mp4?X-Goog-Algorithm=GOOG4-RSA-SHA256&X-Goog-Credential=media-search%40media-second-search.iam.gserviceaccount.com%2F20250626%2Fauto%2Fstorage%2Fgoog4_request&X-Goog-Date=20250626T233331Z&X-Goog-Expires=899&X-Goog-Signature=50533c5a310132970c021305f68afd410e0fb6ba2d5f816cfba90f79ff43df71254ab74a976e8c744eb86a2d4545e40c3f5e2c558167c3fd9c98138827f2ee9dd7a6e7cd38adb5cb8677f2655d3f3ad43ce838bfd9f307b4264caba4ed5474f419f4f53887f7b8af6b2a79143c19caffc462ec49a170b2ac65700ca97526a9543ecdf490a68e4aec5c1141abc6792528db17226fe3b773d2b4868b24a60ac376e2c30e4186e490dc9085ba91ecb66525c0831d10e8a5df09661ed3d6e4bdb211915960afb08c95e238fe3bf8df347632c603f8ba959b5ede1b5179936d8b0882413e6c658911513db0fbde3839b8429db97d0ae13e112d6be6bbf6662f72cb78&X-Goog-SignedHeaders=hostAfter getting signed URL
Before returning ok
)the signed url is https://storage.googleapis.com/enc2-bucket/BARBARIAN_Official_Trailer_In_Theaters_September_9-%5BDr89pmKrqkI%5D.mp4?X-Goog-Algorithm=GOOG4-RSA-SHA256&X-Goog-Credential=media-search%40media-second-search.iam.gserviceaccount.com%2F20250626%2Fauto%2Fstorage%2Fgoog4_request&X-Goog-Date=20250626T233331Z&X-Goog-Expires=899&X-Goog-Signature=50533c5a310132970c021305f68afd410e0fb6ba2d5f816cfba90f79ff43df71254ab74a976e8c744eb86a2d4545e40c3f5e2c558167c3fd9c98138827f2ee9dd7a6e7cd38adb5cb8677f2655d3f3ad43ce838bfd9f307b4264caba4ed5474f419f4f53887f7b8af6b2a79143c19caffc462ec49a170b2ac65700ca97526a9543ecdf490a68e4aec5c1141abc6792528db17226fe3b773d2b4868b24a60ac376e2c30e4186e490dc9085ba91ecb66525c0831d10e8a5df09661ed3d6e4bdb211915960afb08c95e238fe3bf8df347632c603f8ba959b5ede1b5179936d8b0882413e6c658911513db0fbde3839b8429db97d0ae13e112d6be6bbf6662f72cb78&X-Goog-SignedHeaders=host[GIN] 2025/06/26 - 23:33:31 | 200 |   470.72032ms |       127.0.0.1 | GET      "/api/v1/media/34b4a159-50b1-517d-b3f5-cc497f65d51c/stream"
after media
---------------------------------------------------
Google Project ID is media-search@media-second-search.iam.gserviceaccount.com
Email is media-search@media-second-search.iam.gserviceaccount.com
projects/-/serviceAccounts/media-search@media-second-search.iam.gserviceaccount.com
---------------------------------------------------
Generated GET signed URL:
https://storage.googleapis.com/enc2-bucket/test-trailer-001.mp4?X-Goog-Algorithm=GOOG4-RSA-SHA256&X-Goog-Credential=media-search%40media-second-search.iam.gserviceaccount.com%2F20250626%2Fauto%2Fstorage%2Fgoog4_request&X-Goog-Date=20250626T233331Z&X-Goog-Expires=899&X-Goog-Signature=0b9fb88cb0f815341ef8189dc00ac5c12becc4cb537f97793be58f48e3347143ed1d64d584de923c714b30f612e3647ee93b7656f53f055c222b8d70bfd60b2db0f1212ef91618e48201d9ac98ffbf18495c111c70c82fa021bc786a79104582bb0d5718f1a9293385a626e9e5d12383a784a96aa95f8236daeedf70d8e7be66a5c375e616abe55e64876f72a85d939601916eb86418f063b9b482bdf35e3974a0ef1ffdb1cdf6553d0615089920ba96edb4ac30e32d7b6f03e4d68ddc4ba474fa50b34b87ce84a10e7ed82ae20ee2f7b8d38b2fb886423dcceb84a3788499389202b9fb3a6a5f5808d65884784159bd15552374045842d22a881beb4fdd3b14&X-Goog-SignedHeaders=host
You can use this URL with any user agent, for example:
curl 
https://storage.googleapis.com/enc2-bucket/test-trailer-001.mp4?X-Goog-Algorithm=GOOG4-RSA-SHA256&X-Goog-Credential=media-search%40media-second-search.iam.gserviceaccount.com%2F20250626%2Fauto%2Fstorage%2Fgoog4_request&X-Goog-Date=20250626T233331Z&X-Goog-Expires=899&X-Goog-Signature=0b9fb88cb0f815341ef8189dc00ac5c12becc4cb537f97793be58f48e3347143ed1d64d584de923c714b30f612e3647ee93b7656f53f055c222b8d70bfd60b2db0f1212ef91618e48201d9ac98ffbf18495c111c70c82fa021bc786a79104582bb0d5718f1a9293385a626e9e5d12383a784a96aa95f8236daeedf70d8e7be66a5c375e616abe55e64876f72a85d939601916eb86418f063b9b482bdf35e3974a0ef1ffdb1cdf6553d0615089920ba96edb4ac30e32d7b6f03e4d68ddc4ba474fa50b34b87ce84a10e7ed82ae20ee2f7b8d38b2fb886423dcceb84a3788499389202b9fb3a6a5f5808d65884784159bd15552374045842d22a881beb4fdd3b14&X-Goog-SignedHeaders=hostAfter getting signed URL
Before returning ok
)the signed url is https://storage.googleapis.com/enc2-bucket/test-trailer-001.mp4?X-Goog-Algorithm=GOOG4-RSA-SHA256&X-Goog-Credential=media-search%40media-second-search.iam.gserviceaccount.com%2F20250626%2Fauto%2Fstorage%2Fgoog4_request&X-Goog-Date=20250626T233331Z&X-Goog-Expires=899&X-Goog-Signature=0b9fb88cb0f815341ef8189dc00ac5c12becc4cb537f97793be58f48e3347143ed1d64d584de923c714b30f612e3647ee93b7656f53f055c222b8d70bfd60b2db0f1212ef91618e48201d9ac98ffbf18495c111c70c82fa021bc786a79104582bb0d5718f1a9293385a626e9e5d12383a784a96aa95f8236daeedf70d8e7be66a5c375e616abe55e64876f72a85d939601916eb86418f063b9b482bdf35e3974a0ef1ffdb1cdf6553d0615089920ba96edb4ac30e32d7b6f03e4d68ddc4ba474fa50b34b87ce84a10e7ed82ae20ee2f7b8d38b2fb886423dcceb84a3788499389202b9fb3a6a5f5808d65884784159bd15552374045842d22a881beb4fdd3b14&X-Goog-SignedHeaders=host[GIN] 2025/06/26 - 23:33:31 | 200 |   486.52222ms |       127.0.0.1 | GET      "/api/v1/media/b66d519b-1752-5804-a418-97f89f5eaec1/stream"
After assigning ID
after media
---------------------------------------------------
Google Project ID is media-search@media-second-search.iam.gserviceaccount.com
Email is media-search@media-second-search.iam.gserviceaccount.com
projects/-/serviceAccounts/media-search@media-second-search.iam.gserviceaccount.com
---------------------------------------------------
Generated GET signed URL:
https://storage.googleapis.com/enc2-bucket/BARBARIAN_Official_Trailer_In_Theaters_September_9-%5BDr89pmKrqkI%5D.mp4?X-Goog-Algorithm=GOOG4-RSA-SHA256&X-Goog-Credential=media-search%40media-second-search.iam.gserviceaccount.com%2F20250626%2Fauto%2Fstorage%2Fgoog4_request&X-Goog-Date=20250626T233332Z&X-Goog-Expires=899&X-Goog-Signature=0f9970894b29524036f033003b4eb70036869e15ec85c2cd53a8984a4eba8762f7b7b8403c1df91d6b2d67a26490c68d274ebd854f1dd66613429a6aa75bcc36c6686778a31df548f4b8b5839ee45ac6010069b38419b08c9308e770bfdd4abe8fa669b05c785ecd27babd11019410cac054e39a920d9be43bd5c4b8bf2cba1663adad8ba8b3916fbd1fb1872f8a622d6f581e4fef56948373666ae951fecde3873a241e3c406f894448b56c59721bced2d4ff447fb8b21ab9ed18a5a8957342915e31d4909e3af098e68a99d8d3035a6c7c30f199d8ba9fa9bdc2f63c7585d80e4e277481ef3de6c57eb81a231e4f3d43df2e9186c148d071645930b97e5af2&X-Goog-SignedHeaders=host
You can use this URL with any user agent, for example:
curl 
https://storage.googleapis.com/enc2-bucket/BARBARIAN_Official_Trailer_In_Theaters_September_9-%5BDr89pmKrqkI%5D.mp4?X-Goog-Algorithm=GOOG4-RSA-SHA256&X-Goog-Credential=media-search%40media-second-search.iam.gserviceaccount.com%2F20250626%2Fauto%2Fstorage%2Fgoog4_request&X-Goog-Date=20250626T233332Z&X-Goog-Expires=899&X-Goog-Signature=0f9970894b29524036f033003b4eb70036869e15ec85c2cd53a8984a4eba8762f7b7b8403c1df91d6b2d67a26490c68d274ebd854f1dd66613429a6aa75bcc36c6686778a31df548f4b8b5839ee45ac6010069b38419b08c9308e770bfdd4abe8fa669b05c785ecd27babd11019410cac054e39a920d9be43bd5c4b8bf2cba1663adad8ba8b3916fbd1fb1872f8a622d6f581e4fef56948373666ae951fecde3873a241e3c406f894448b56c59721bced2d4ff447fb8b21ab9ed18a5a8957342915e31d4909e3af098e68a99d8d3035a6c7c30f199d8ba9fa9bdc2f63c7585d80e4e277481ef3de6c57eb81a231e4f3d43df2e9186c148d071645930b97e5af2&X-Goog-SignedHeaders=hostAfter getting signed URL
Before returning ok
)the signed url is https://storage.googleapis.com/enc2-bucket/BARBARIAN_Official_Trailer_In_Theaters_September_9-%5BDr89pmKrqkI%5D.mp4?X-Goog-Algorithm=GOOG4-RSA-SHA256&X-Goog-Credential=media-search%40media-second-search.iam.gserviceaccount.com%2F20250626%2Fauto%2Fstorage%2Fgoog4_request&X-Goog-Date=20250626T233332Z&X-Goog-Expires=899&X-Goog-Signature=0f9970894b29524036f033003b4eb70036869e15ec85c2cd53a8984a4eba8762f7b7b8403c1df91d6b2d67a26490c68d274ebd854f1dd66613429a6aa75bcc36c6686778a31df548f4b8b5839ee45ac6010069b38419b08c9308e770bfdd4abe8fa669b05c785ecd27babd11019410cac054e39a920d9be43bd5c4b8bf2cba1663adad8ba8b3916fbd1fb1872f8a622d6f581e4fef56948373666ae951fecde3873a241e3c406f894448b56c59721bced2d4ff447fb8b21ab9ed18a5a8957342915e31d4909e3af098e68a99d8d3035a6c7c30f199d8ba9fa9bdc2f63c7585d80e4e277481ef3de6c57eb81a231e4f3d43df2e9186c148d071645930b97e5af2&X-Goog-SignedHeaders=host[GIN] 2025/06/26 - 23:33:32 | 200 |   469.55899ms |       127.0.0.1 | GET      "/api/v1/media/34b4a159-50b1-517d-b3f5-cc497f65d51c/stream"
After assigning ID
after media
---------------------------------------------------
Google Project ID is media-search@media-second-search.iam.gserviceaccount.com
Email is media-search@media-second-search.iam.gserviceaccount.com
projects/-/serviceAccounts/media-search@media-second-search.iam.gserviceaccount.com
---------------------------------------------------
Generated GET signed URL:
https://storage.googleapis.com/enc2-bucket/BARBARIAN_Official_Trailer_In_Theaters_September_9-%5BDr89pmKrqkI%5D.mp4?X-Goog-Algorithm=GOOG4-RSA-SHA256&X-Goog-Credential=media-search%40media-second-search.iam.gserviceaccount.com%2F20250626%2Fauto%2Fstorage%2Fgoog4_request&X-Goog-Date=20250626T233333Z&X-Goog-Expires=899&X-Goog-Signature=1b551f85b106262bb39652457067c66581939eb96739d29ee951d34dedaf947165b83dafff6d18fd2d79150a4dff1fe76164ffa556686ee2bed6ad6a1adfcb078aa27ad06e78b60f63bedcce11f49dbb0475d48946a6ea6238c15403ad69c508770a0f59c34ac93b8a9106e15b8b2499150d58663d696fef4ed020c123c79d58db1abadeff9054da66103bd3f5228acff58dd0a3b11e9a2d1686bf7b0e8a874a07fd87d4b3f631fea6470621cbbd2c0a20e694d96c8ae06b20401b829660143fdb183c43c1be0259b9b747c461d6398e8354da7bb59364874df74779ddb162ece12c08f1e2ff9e6911bcd921e92688b1f3589fb016beacc964c2625f51247aaf&X-Goog-SignedHeaders=host
You can use this URL with any user agent, for example:
curl 
https://storage.googleapis.com/enc2-bucket/BARBARIAN_Official_Trailer_In_Theaters_September_9-%5BDr89pmKrqkI%5D.mp4?X-Goog-Algorithm=GOOG4-RSA-SHA256&X-Goog-Credential=media-search%40media-second-search.iam.gserviceaccount.com%2F20250626%2Fauto%2Fstorage%2Fgoog4_request&X-Goog-Date=20250626T233333Z&X-Goog-Expires=899&X-Goog-Signature=1b551f85b106262bb39652457067c66581939eb96739d29ee951d34dedaf947165b83dafff6d18fd2d79150a4dff1fe76164ffa556686ee2bed6ad6a1adfcb078aa27ad06e78b60f63bedcce11f49dbb0475d48946a6ea6238c15403ad69c508770a0f59c34ac93b8a9106e15b8b2499150d58663d696fef4ed020c123c79d58db1abadeff9054da66103bd3f5228acff58dd0a3b11e9a2d1686bf7b0e8a874a07fd87d4b3f631fea6470621cbbd2c0a20e694d96c8ae06b20401b829660143fdb183c43c1be0259b9b747c461d6398e8354da7bb59364874df74779ddb162ece12c08f1e2ff9e6911bcd921e92688b1f3589fb016beacc964c2625f51247aaf&X-Goog-SignedHeaders=hostAfter getting signed URL
Before returning ok
)the signed url is https://storage.googleapis.com/enc2-bucket/BARBARIAN_Official_Trailer_In_Theaters_September_9-%5BDr89pmKrqkI%5D.mp4?X-Goog-Algorithm=GOOG4-RSA-SHA256&X-Goog-Credential=media-search%40media-second-search.iam.gserviceaccount.com%2F20250626%2Fauto%2Fstorage%2Fgoog4_request&X-Goog-Date=20250626T233333Z&X-Goog-Expires=899&X-Goog-Signature=1b551f85b106262bb39652457067c66581939eb96739d29ee951d34dedaf947165b83dafff6d18fd2d79150a4dff1fe76164ffa556686ee2bed6ad6a1adfcb078aa27ad06e78b60f63bedcce11f49dbb0475d48946a6ea6238c15403ad69c508770a0f59c34ac93b8a9106e15b8b2499150d58663d696fef4ed020c123c79d58db1abadeff9054da66103bd3f5228acff58dd0a3b11e9a2d1686bf7b0e8a874a07fd87d4b3f631fea6470621cbbd2c0a20e694d96c8ae06b20401b829660143fdb183c43c1be0259b9b747c461d6398e8354da7bb59364874df74779ddb162ece12c08f1e2ff9e6911bcd921e92688b1f3589fb016beacc964c2625f51247aaf&X-Goog-SignedHeaders=host[GIN] 2025/06/26 - 23:33:33 | 200 |   449.06809ms |       127.0.0.1 | GET      "/api/v1/media/34b4a159-50b1-517d-b3f5-cc497f65d51c/stream"
{"timestamp":"2025-06-26T23:36:39.904055487Z","severity":"INFO","message":"Shutdown Server ..."}
{"timestamp":"2025-06-26T23:36:39.904244947Z","severity":"INFO","message":"[INFO] Server exiting"}
